<?xml version="1.0" encoding="UTF-8"?>
<!-- Generated by org.testng.reporters.JUnitReportReporter -->
<testsuite hostname="DESKTOP-O2MGJE7" failures="0" tests="1" name="testng.TestCase3" time="1.125" errors="0" timestamp="2022-12-24T17:40:04 IST" skipped="0">
  <testcase classname="testng.TestCase3" name="link" time="1.125"/>
  <system-out>
    <![CDATA[https://demo.actitime.com/login.do
actiTIME - Login]]>
  </system-out>
</testsuite> <!-- testng.TestCase3 -->
