<?xml version="1.0" encoding="UTF-8"?>
<!-- Generated by org.testng.reporters.JUnitReportReporter -->
<testsuite hostname="DESKTOP-O2MGJE7" failures="0" tests="1" name="testng.TestCase1" time="19.328" errors="0" timestamp="2022-12-20T10:49:51 IST" skipped="0">
  <testcase classname="testng.TestCase1" name="login" time="19.328"/>
  <system-out/>
</testsuite> <!-- testng.TestCase1 -->
