<?xml version="1.0" encoding="UTF-8"?>
<!-- Generated by org.testng.reporters.JUnitReportReporter -->
<testsuite hostname="DESKTOP-O2MGJE7" failures="0" tests="1" name="testng.TestCase2" time="17.073" errors="0" timestamp="2022-12-20T11:27:51 IST" skipped="0">
  <testcase classname="testng.TestCase2" name="forgotpassword" time="17.073"/>
  <system-out>
    <![CDATA[actiTIME - Login
https://demo.actitime.com/login.do]]>
  </system-out>
</testsuite> <!-- testng.TestCase2 -->
